::1 - - [03/Oct/2016:12:03:33 +0000] "GET /favicon.ico HTTP/1.1" 404 24
::1 - - [03/Oct/2016:13:19:25 +0000] "GET /about HTTP/1.1" 404 18
::1 - - [03/Oct/2016:13:25:20 +0000] "GET /login HTTP/1.1" 404 18
::1 - - [03/Oct/2016:13:25:36 +0000] "GET /login HTTP/1.1" 404 18
::1 - - [03/Oct/2016:18:03:52 +0000] "POST /api/login HTTP/1.1" 404 23
::1 - - [03/Oct/2016:18:04:31 +0000] "POST /api/login HTTP/1.1" 404 23
::1 - - [03/Oct/2016:18:07:15 +0000] "POST /api/login HTTP/1.1" 404 23
::1 - - [03/Oct/2016:22:28:10 +0000] "GET /favicon.ico HTTP/1.1" 404 24
::1 - - [03/Oct/2016:22:35:18 +0000] "GET /login HTTP/1.1" 404 18
::ffff:127.0.0.1 - - [03/Oct/2016:22:57:11 +0000] "GET /sign HTTP/1.1" 404 17
::ffff:127.0.0.1 - - [03/Oct/2016:22:57:14 +0000] "GET /sign HTTP/1.1" 404 17
::1 - - [04/Oct/2016:10:49:42 +0000] "GET /favicon.ico HTTP/1.1" 404 24
::1 - - [04/Oct/2016:23:08:21 +0000] "GET /app/components/signin/signin.view.html HTTP/1.1" 404 51
::1 - - [04/Oct/2016:23:09:43 +0000] "GET /app/components/signin/signin.view.html HTTP/1.1" 404 51
::1 - - [04/Oct/2016:23:10:21 +0000] "GET /app/components/signin/signin.view.html HTTP/1.1" 404 51
::1 - - [04/Oct/2016:23:21:07 +0000] "POST /api/signin HTTP/1.1" 404 24
::1 - - [05/Oct/2016:03:11:49 +0000] "GET /favicon.ico HTTP/1.1" 404 24
::1 - - [05/Oct/2016:17:49:53 +0000] "GET /favicon.ico HTTP/1.1" 404 24
::1 - - [05/Oct/2016:23:37:54 +0000] "GET /favicon.ico HTTP/1.1" 404 24
::1 - - [06/Oct/2016:15:29:06 +0000] "POST /api/logout HTTP/1.1" 404 24
::1 - - [06/Oct/2016:16:43:40 +0000] "POST /api/logout HTTP/1.1" 404 24
::1 - - [06/Oct/2016:16:44:15 +0000] "POST /api/logout HTTP/1.1" 404 24
::1 - - [06/Oct/2016:16:45:51 +0000] "POST /api/logout HTTP/1.1" 404 24
::1 - - [06/Oct/2016:19:10:39 +0000] "POST /api/logout HTTP/1.1" 404 24
::1 - - [06/Oct/2016:19:10:44 +0000] "POST /api/logout HTTP/1.1" 404 24
::1 - - [06/Oct/2016:19:14:22 +0000] "POST /api/logout HTTP/1.1" 404 24
::1 - - [06/Oct/2016:19:22:11 +0000] "POST /api/logout HTTP/1.1" 404 24
::1 - - [06/Oct/2016:19:22:50 +0000] "POST /api/logout HTTP/1.1" 404 24
::1 - - [06/Oct/2016:19:23:11 +0000] "PUT /api/account/cawka HTTP/1.1" 404 30
::1 - - [06/Oct/2016:19:25:25 +0000] "POST /api/logout HTTP/1.1" 404 24
::1 - - [06/Oct/2016:19:40:30 +0000] "PUT /api/account/cawka HTTP/1.1" 404 30
